INFO - 30/08/2024 19:35:40 : log : [0] APPLICATION STARTING
INFO - 30/08/2024 19:35:40 : log : [4] Re-initializing Crawlable URL
INFO - 30/08/2024 19:35:46 : log : dirlink_-1 : 100 : [13] URL parsing started : http://weg7sdx54bevnvulapqu6bpzwztryeflq3s23tegbmnhkbpqz637f2yd.onion
INFO - 30/08/2024 22:21:12 : log : [0] APPLICATION STARTING
INFO - 30/08/2024 22:33:08 : log : [0] APPLICATION STARTING
INFO - 30/08/2024 22:33:43 : log : [4] Re-initializing Crawlable URL
INFO - 30/08/2024 22:34:43 : log : [0] APPLICATION STARTING
INFO - 30/08/2024 22:34:51 : log : [4] Re-initializing Crawlable URL
INFO - 30/08/2024 22:35:35 : log : [0] APPLICATION STARTING
INFO - 30/08/2024 22:35:43 : log : [4] Re-initializing Crawlable URL
INFO - 30/08/2024 22:39:32 : log : [0] APPLICATION STARTING
INFO - 30/08/2024 22:39:39 : log : [4] Re-initializing Crawlable URL
INFO - 30/08/2024 22:44:37 : log : [0] APPLICATION STARTING
INFO - 30/08/2024 22:44:51 : log : [4] Re-initializing Crawlable URL
INFO - 30/08/2024 22:45:32 : log : [0] APPLICATION STARTING
INFO - 30/08/2024 22:45:39 : log : [4] Re-initializing Crawlable URL
INFO - 30/08/2024 22:46:11 : log : [0] APPLICATION STARTING
INFO - 30/08/2024 22:46:25 : log : [4] Re-initializing Crawlable URL
INFO - 30/08/2024 22:46:58 : log : [0] APPLICATION STARTING
INFO - 30/08/2024 22:46:58 : log : [4] Re-initializing Crawlable URL
INFO - 30/08/2024 22:47:14 : log : [0] APPLICATION STARTING
INFO - 30/08/2024 22:47:14 : log : [4] Re-initializing Crawlable URL
INFO - 30/08/2024 22:48:25 : log : [0] APPLICATION STARTING
INFO - 30/08/2024 22:48:25 : log : [4] Re-initializing Crawlable URL
INFO - 30/08/2024 22:49:23 : log : dirlink_-1 : 100 : [13] URL parsing started : http://weg7sdx54bevnvulapqu6bpzwztryeflq3s23tegbmnhkbpqz637f2yd.onion
SUCCESS - 30/08/2024 22:49:34 : log : dirlink_-1 : 100 : [6] Successfully Parsed Local URL : http://weg7sdx54bevnvulapqu6bpzwztryeflq3s23tegbmnhkbpqz637f2yd.o
INFO - 30/08/2024 22:49:34 : log : dirlink_-1 : 100 : [13] URL parsing started : http://weg7sdx54bevnvulapqu6bpzwztryeflq3s23tegbmnhkbpqz637f2yd.onion/?pag
SUCCESS - 30/08/2024 22:49:36 : log : dirlink_-1 : 100 : [6] Successfully Parsed Local URL : http://weg7sdx54bevnvulapqu6bpzwztryeflq3s23tegbmnhkbpqz637f2yd.o
INFO - 30/08/2024 22:49:36 : log : dirlink_-1 : 100 : [13] URL parsing started : http://weg7sdx54bevnvulapqu6bpzwztryeflq3s23tegbmnhkbpqz637f2yd.onion/?pag
SUCCESS - 30/08/2024 22:49:39 : log : dirlink_-1 : 100 : [6] Successfully Parsed Local URL : http://weg7sdx54bevnvulapqu6bpzwztryeflq3s23tegbmnhkbpqz637f2yd.o
INFO - 30/08/2024 22:49:39 : log : dirlink_-1 : 100 : [13] URL parsing started : http://weg7sdx54bevnvulapqu6bpzwztryeflq3s23tegbmnhkbpqz637f2yd.onion/?pag
SUCCESS - 30/08/2024 22:49:42 : log : dirlink_-1 : 100 : [6] Successfully Parsed Local URL : http://weg7sdx54bevnvulapqu6bpzwztryeflq3s23tegbmnhkbpqz637f2yd.o
INFO - 30/08/2024 22:49:42 : log : dirlink_-1 : 100 : [13] URL parsing started : http://weg7sdx54bevnvulapqu6bpzwztryeflq3s23tegbmnhkbpqz637f2yd.onion/?pag
SUCCESS - 30/08/2024 22:49:45 : log : dirlink_-1 : 100 : [6] Successfully Parsed Local URL : http://weg7sdx54bevnvulapqu6bpzwztryeflq3s23tegbmnhkbpqz637f2yd.o
INFO - 30/08/2024 22:49:45 : log : dirlink_-1 : 100 : [13] URL parsing started : http://weg7sdx54bevnvulapqu6bpzwztryeflq3s23tegbmnhkbpqz637f2yd.onion/?pag
SUCCESS - 30/08/2024 22:49:47 : log : dirlink_-1 : 100 : [6] Successfully Parsed Local URL : http://weg7sdx54bevnvulapqu6bpzwztryeflq3s23tegbmnhkbpqz637f2yd.o
INFO - 30/08/2024 22:49:47 : log : dirlink_-1 : 100 : [13] URL parsing started : http://weg7sdx54bevnvulapqu6bpzwztryeflq3s23tegbmnhkbpqz637f2yd.onion/?pag
SUCCESS - 30/08/2024 22:49:49 : log : dirlink_-1 : 100 : [6] Successfully Parsed Local URL : http://weg7sdx54bevnvulapqu6bpzwztryeflq3s23tegbmnhkbpqz637f2yd.o
INFO - 30/08/2024 22:50:41 : log : [0] APPLICATION STARTING
INFO - 30/08/2024 22:50:41 : log : [4] Re-initializing Crawlable URL
INFO - 30/08/2024 22:53:40 : log : [0] APPLICATION STARTING
INFO - 30/08/2024 22:53:40 : log : [4] Re-initializing Crawlable URL
INFO - 30/08/2024 23:00:50 : log : [0] APPLICATION STARTING
INFO - 30/08/2024 23:00:50 : log : [4] Re-initializing Crawlable URL
INFO - 30/08/2024 23:01:20 : log : [0] APPLICATION STARTING
INFO - 30/08/2024 23:01:20 : log : [4] Re-initializing Crawlable URL
INFO - 30/08/2024 23:02:08 : log : dirlink_-1 : 100 : [13] URL parsing started : http://weg7sdx54bevnvulapqu6bpzwztryeflq3s23tegbmnhkbpqz637f2yd.onion
INFO - 30/08/2024 23:36:37 : log : [0] APPLICATION STARTING
INFO - 30/08/2024 23:37:11 : log : [0] APPLICATION STARTING
INFO - 30/08/2024 23:37:54 : log : [0] APPLICATION STARTING
INFO - 30/08/2024 23:38:29 : log : [4] Re-initializing Crawlable URL
INFO - 30/08/2024 23:39:30 : log : dirlink_-1 : 100 : [13] URL parsing started : http://weg7sdx54bevnvulapqu6bpzwztryeflq3s23tegbmnhkbpqz637f2yd.onion
ERROR - 30/08/2024 23:39:30 : log : dirlink_-1 : 100 : [10] Error during loading Local URL : http://weg7sdx54bevnvulapqu6bpzwztryeflq3s23tegbmnhkbpqz637f2yd
INFO - 30/08/2024 23:39:30 : log : dirlink_-1 : 100 : [13] URL parsing started : http://weg7sdx54bevnvulapqu6bpzwztryeflq3s23tegbmnhkbpqz637f2yd.onion
ERROR - 30/08/2024 23:39:30 : log : dirlink_-1 : 100 : [10] Error during loading Local URL : http://weg7sdx54bevnvulapqu6bpzwztryeflq3s23tegbmnhkbpqz637f2yd
INFO - 30/08/2024 23:39:30 : log : dirlink_-1 : 100 : [13] URL parsing started : http://weg7sdx54bevnvulapqu6bpzwztryeflq3s23tegbmnhkbpqz637f2yd.onion
ERROR - 30/08/2024 23:39:30 : log : dirlink_-1 : 100 : [10] Error during loading Local URL : http://weg7sdx54bevnvulapqu6bpzwztryeflq3s23tegbmnhkbpqz637f2yd
INFO - 30/08/2024 23:39:30 : log : dirlink_-1 : 100 : [13] URL parsing started : http://weg7sdx54bevnvulapqu6bpzwztryeflq3s23tegbmnhkbpqz637f2yd.onion
ERROR - 30/08/2024 23:39:30 : log : dirlink_-1 : 100 : [10] Error during loading Local URL : http://weg7sdx54bevnvulapqu6bpzwztryeflq3s23tegbmnhkbpqz637f2yd
INFO - 30/08/2024 23:39:30 : log : dirlink_-1 : 100 : [13] URL parsing started : http://weg7sdx54bevnvulapqu6bpzwztryeflq3s23tegbmnhkbpqz637f2yd.onion
ERROR - 30/08/2024 23:39:30 : log : dirlink_-1 : 100 : [10] Error during loading Local URL : http://weg7sdx54bevnvulapqu6bpzwztryeflq3s23tegbmnhkbpqz637f2yd
INFO - 30/08/2024 23:40:05 : log : [0] APPLICATION STARTING
INFO - 30/08/2024 23:40:17 : log : [4] Re-initializing Crawlable URL
SUCCESS - 30/08/2024 23:40:34 : log : [5] Successfully Installed URL : http://weg7sdx54bevnvulapqu6bpzwztryeflq3s23tegbmnhkbpqz637f2yd.onion
INFO - 30/08/2024 23:40:36 : log : dirlink_-1 : 100 : [13] URL parsing started : http://weg7sdx54bevnvulapqu6bpzwztryeflq3s23tegbmnhkbpqz637f2yd.onion
INFO - 30/08/2024 23:52:25 : log : [0] APPLICATION STARTING
INFO - 30/08/2024 23:52:25 : log : [4] Re-initializing Crawlable URL
INFO - 30/08/2024 23:52:35 : log : dirlink_-1 : 100 : [13] URL parsing started : http://weg7sdx54bevnvulapqu6bpzwztryeflq3s23tegbmnhkbpqz637f2yd.onion
INFO - 30/08/2024 23:57:19 : log : [0] APPLICATION STARTING
INFO - 30/08/2024 23:57:19 : log : [4] Re-initializing Crawlable URL
INFO - 30/08/2024 23:57:32 : log : dirlink_-1 : 100 : [13] URL parsing started : http://weg7sdx54bevnvulapqu6bpzwztryeflq3s23tegbmnhkbpqz637f2yd.onion
